  AVLTree.cpp
  BinaryTree.cpp
  Project 5 Trees.cpp
C:\Users\New\source\repos\Project 5 Trees\Project 5 Trees\BinaryTree.h(194,1): error C3867:  'BinaryTree<T>::count': non-standard syntax; use '&' to create a pointer to member
C:\Users\New\source\repos\Project 5 Trees\Project 5 Trees\BinaryTree.h(194,1): error C3867:         with
C:\Users\New\source\repos\Project 5 Trees\Project 5 Trees\BinaryTree.h(194,1): error C3867:         [
C:\Users\New\source\repos\Project 5 Trees\Project 5 Trees\BinaryTree.h(194,1): error C3867:             T=std::string
C:\Users\New\source\repos\Project 5 Trees\Project 5 Trees\BinaryTree.h(194,1): error C3867:         ]
C:\Users\New\source\repos\Project 5 Trees\Project 5 Trees\BinaryTree.h(191): message :  while compiling class template member function 'void BinaryTree<T>::count(const T &,BinaryTree<T>::Node *)'
C:\Users\New\source\repos\Project 5 Trees\Project 5 Trees\BinaryTree.h(191): message :         with
C:\Users\New\source\repos\Project 5 Trees\Project 5 Trees\BinaryTree.h(191): message :         [
C:\Users\New\source\repos\Project 5 Trees\Project 5 Trees\BinaryTree.h(191): message :             T=std::string
C:\Users\New\source\repos\Project 5 Trees\Project 5 Trees\BinaryTree.h(191): message :         ]
C:\Users\New\source\repos\Project 5 Trees\Project 5 Trees\BinaryTree.h(93): message :  see reference to function template instantiation 'void BinaryTree<T>::count(const T &,BinaryTree<T>::Node *)' being compiled
C:\Users\New\source\repos\Project 5 Trees\Project 5 Trees\BinaryTree.h(93): message :         with
C:\Users\New\source\repos\Project 5 Trees\Project 5 Trees\BinaryTree.h(93): message :         [
C:\Users\New\source\repos\Project 5 Trees\Project 5 Trees\BinaryTree.h(93): message :             T=std::string
C:\Users\New\source\repos\Project 5 Trees\Project 5 Trees\BinaryTree.h(93): message :         ]
C:\Users\New\source\repos\Project 5 Trees\Project 5 Trees\AVLTree.h(8): message :  see reference to class template instantiation 'BinaryTree<T>' being compiled
C:\Users\New\source\repos\Project 5 Trees\Project 5 Trees\AVLTree.h(8): message :         with
C:\Users\New\source\repos\Project 5 Trees\Project 5 Trees\AVLTree.h(8): message :         [
C:\Users\New\source\repos\Project 5 Trees\Project 5 Trees\AVLTree.h(8): message :             T=std::string
C:\Users\New\source\repos\Project 5 Trees\Project 5 Trees\AVLTree.h(8): message :         ]
C:\Users\New\source\repos\Project 5 Trees\Project 5 Trees\WordCount.h(58): message :  see reference to class template instantiation 'AVLTree<std::string>' being compiled
  WordCount.cpp
C:\Users\New\source\repos\Project 5 Trees\Project 5 Trees\BinaryTree.h(194,1): error C2105:  '++' needs l-value
C:\Users\New\source\repos\Project 5 Trees\Project 5 Trees\BinaryTree.h(194,1): error C3867:  'BinaryTree<T>::count': non-standard syntax; use '&' to create a pointer to member
C:\Users\New\source\repos\Project 5 Trees\Project 5 Trees\BinaryTree.h(194,1): error C3867:         with
C:\Users\New\source\repos\Project 5 Trees\Project 5 Trees\BinaryTree.h(194,1): error C3867:         [
C:\Users\New\source\repos\Project 5 Trees\Project 5 Trees\BinaryTree.h(194,1): error C3867:             T=std::string
C:\Users\New\source\repos\Project 5 Trees\Project 5 Trees\BinaryTree.h(194,1): error C3867:         ]
C:\Users\New\source\repos\Project 5 Trees\Project 5 Trees\BinaryTree.h(191): message :  while compiling class template member function 'void BinaryTree<T>::count(const T &,BinaryTree<T>::Node *)'
C:\Users\New\source\repos\Project 5 Trees\Project 5 Trees\BinaryTree.h(191): message :         with
C:\Users\New\source\repos\Project 5 Trees\Project 5 Trees\BinaryTree.h(191): message :         [
C:\Users\New\source\repos\Project 5 Trees\Project 5 Trees\BinaryTree.h(191): message :             T=std::string
C:\Users\New\source\repos\Project 5 Trees\Project 5 Trees\BinaryTree.h(191): message :         ]
C:\Users\New\source\repos\Project 5 Trees\Project 5 Trees\BinaryTree.h(93): message :  see reference to function template instantiation 'void BinaryTree<T>::count(const T &,BinaryTree<T>::Node *)' being compiled
C:\Users\New\source\repos\Project 5 Trees\Project 5 Trees\BinaryTree.h(93): message :         with
C:\Users\New\source\repos\Project 5 Trees\Project 5 Trees\BinaryTree.h(93): message :         [
C:\Users\New\source\repos\Project 5 Trees\Project 5 Trees\BinaryTree.h(93): message :             T=std::string
C:\Users\New\source\repos\Project 5 Trees\Project 5 Trees\BinaryTree.h(93): message :         ]
C:\Users\New\source\repos\Project 5 Trees\Project 5 Trees\AVLTree.h(8): message :  see reference to class template instantiation 'BinaryTree<T>' being compiled
C:\Users\New\source\repos\Project 5 Trees\Project 5 Trees\AVLTree.h(8): message :         with
C:\Users\New\source\repos\Project 5 Trees\Project 5 Trees\AVLTree.h(8): message :         [
C:\Users\New\source\repos\Project 5 Trees\Project 5 Trees\AVLTree.h(8): message :             T=std::string
C:\Users\New\source\repos\Project 5 Trees\Project 5 Trees\AVLTree.h(8): message :         ]
C:\Users\New\source\repos\Project 5 Trees\Project 5 Trees\WordCount.h(58): message :  see reference to class template instantiation 'AVLTree<std::string>' being compiled
  Generating Code...
C:\Users\New\source\repos\Project 5 Trees\Project 5 Trees\BinaryTree.h(194,1): error C2105:  '++' needs l-value
