c:\users\new\source\repos\project 5 trees\project 5 trees\debug\vc142.pdb
c:\users\new\source\repos\project 5 trees\project 5 trees\debug\vc142.idb
c:\users\new\source\repos\project 5 trees\project 5 trees\debug\queue.obj
c:\users\new\source\repos\project 5 trees\project 5 trees\debug\doublylinkedlist.obj
c:\users\new\source\repos\project 5 trees\project 5 trees\debug\binarytree.obj
c:\users\new\source\repos\project 5 trees\project 5 trees\debug\avltree.obj
c:\users\new\source\repos\project 5 trees\project 5 trees\debug\wordcount.obj
c:\users\new\source\repos\project 5 trees\project 5 trees\debug\project 5 trees.obj
c:\users\new\source\repos\project 5 trees\debug\project 5 trees.ilk
c:\users\new\source\repos\project 5 trees\debug\project 5 trees.exe
c:\users\new\source\repos\project 5 trees\debug\project 5 trees.pdb
c:\users\new\source\repos\project 5 trees\project 5 trees\debug\project 5 trees.res
c:\users\new\source\repos\project 5 trees\project 5 trees\debug\project 5 trees.tlog\cl.command.1.tlog
c:\users\new\source\repos\project 5 trees\project 5 trees\debug\project 5 trees.tlog\cl.read.1.tlog
c:\users\new\source\repos\project 5 trees\project 5 trees\debug\project 5 trees.tlog\cl.write.1.tlog
c:\users\new\source\repos\project 5 trees\project 5 trees\debug\project 5 trees.tlog\link.command.1.tlog
c:\users\new\source\repos\project 5 trees\project 5 trees\debug\project 5 trees.tlog\link.read.1.tlog
c:\users\new\source\repos\project 5 trees\project 5 trees\debug\project 5 trees.tlog\link.write.1.tlog
c:\users\new\source\repos\project 5 trees\project 5 trees\debug\project 5 trees.tlog\rc.command.1.tlog
c:\users\new\source\repos\project 5 trees\project 5 trees\debug\project 5 trees.tlog\rc.read.1.tlog
c:\users\new\source\repos\project 5 trees\project 5 trees\debug\project 5 trees.tlog\rc.write.1.tlog
